51.0 APEX_CODE,FINEST;APEX_PROFILING,INFO;CALLOUT,INFO;DB,INFO;NBA,INFO;SYSTEM,DEBUG;VALIDATION,INFO;VISUALFORCE,FINER;WAVE,INFO;WORKFLOW,INFO
11:38:25.2 (2412675)|USER_INFO|[EXTERNAL]|00509000004GGux|adam.klimczak95@resilient-impala-d41kwo.com|(GMT+00:00) Greenwich Mean Time (Europe/Dublin)|GMTZ
11:38:25.2 (2510363)|EXECUTION_STARTED
11:38:25.2 (2518085)|CODE_UNIT_STARTED|[EXTERNAL]|01p0900000CcX2a|CarUpdateBatchSchedulerTests.makeData()
11:38:25.2 (2649598)|VARIABLE_SCOPE_BEGIN|[3]|CarUpdateBatchSchedulerTests.CRON_EXP|String|false|true
11:38:25.2 (2869141)|HEAP_ALLOCATE|[79]|Bytes:3
11:38:25.2 (2918578)|HEAP_ALLOCATE|[84]|Bytes:152
11:38:25.2 (2938801)|HEAP_ALLOCATE|[399]|Bytes:408
11:38:25.2 (2966230)|HEAP_ALLOCATE|[412]|Bytes:408
11:38:25.2 (2993321)|HEAP_ALLOCATE|[520]|Bytes:48
11:38:25.2 (3036413)|HEAP_ALLOCATE|[139]|Bytes:6
11:38:25.2 (3061072)|HEAP_ALLOCATE|[EXTERNAL]|Bytes:14
11:38:25.2 (3085319)|METHOD_ENTRY|[2]|01p0900000CcX2a|CarUpdateBatchSchedulerTests.CarUpdateBatchSchedulerTests()
11:38:25.2 (3102048)|STATEMENT_EXECUTE|[2]
11:38:25.2 (3113306)|STATEMENT_EXECUTE|[2]
11:38:25.2 (3177577)|HEAP_ALLOCATE|[52]|Bytes:5
11:38:25.2 (3230526)|HEAP_ALLOCATE|[58]|Bytes:5
11:38:25.2 (3247028)|HEAP_ALLOCATE|[66]|Bytes:7
11:38:25.2 (3770545)|SYSTEM_MODE_ENTER|false
11:38:25.2 (3801439)|HEAP_ALLOCATE|[3]|Bytes:5
11:38:25.2 (3812341)|STATEMENT_EXECUTE|[3]
11:38:25.2 (3818268)|HEAP_ALLOCATE|[3]|Bytes:12
11:38:25.2 (3892159)|VARIABLE_ASSIGNMENT|[3]|CarUpdateBatchSchedulerTests.CRON_EXP|"0 0 10 * * ?"
11:38:25.2 (3909933)|SYSTEM_MODE_EXIT|false
11:38:25.2 (3931397)|METHOD_EXIT|[2]|CarUpdateBatchSchedulerTests
11:38:25.2 (4010530)|SYSTEM_MODE_ENTER|false
11:38:25.2 (4024187)|HEAP_ALLOCATE|[7]|Bytes:5
11:38:25.2 (4031478)|STATEMENT_EXECUTE|[6]
11:38:25.2 (4034448)|STATEMENT_EXECUTE|[7]
11:38:25.2 (4161404)|HEAP_ALLOCATE|[7]|Bytes:4
11:38:25.2 (4281074)|VARIABLE_SCOPE_BEGIN|[7]|carsToAdd|List<Car__c>|true|false
11:38:25.2 (4298061)|HEAP_ALLOCATE|[EXTERNAL]|Bytes:4
11:38:25.2 (4320485)|VARIABLE_ASSIGNMENT|[7]|carsToAdd|[]|0x129f58fc
11:38:25.2 (4331435)|STATEMENT_EXECUTE|[8]
11:38:25.2 (4409592)|HEAP_ALLOCATE|[8]|Bytes:4
11:38:25.2 (4427943)|VARIABLE_SCOPE_BEGIN|[8]|carReview|Date|false|false
11:38:25.2 (4462504)|VARIABLE_ASSIGNMENT|[8]|carReview|"2020-07-13T00:00:00.000Z"
11:38:25.2 (4470233)|STATEMENT_EXECUTE|[9]
11:38:25.2 (4494992)|HEAP_ALLOCATE|[9]|Bytes:4
11:38:25.2 (4507789)|VARIABLE_SCOPE_BEGIN|[9]|insuranceEnd|Date|false|false
11:38:25.2 (4526515)|VARIABLE_ASSIGNMENT|[9]|insuranceEnd|"2020-08-13T00:00:00.000Z"
11:38:25.2 (4534058)|STATEMENT_EXECUTE|[11]
11:38:25.2 (4537063)|VARIABLE_SCOPE_BEGIN|[11]|i|Integer|false|false
11:38:25.2 (4548371)|HEAP_ALLOCATE|[11]|Bytes:4
11:38:25.2 (4558267)|VARIABLE_ASSIGNMENT|[11]|i|0
11:38:25.2 (4567429)|STATEMENT_EXECUTE|[11]
11:38:25.2 (4569394)|STATEMENT_EXECUTE|[12]
11:38:25.2 (4605862)|HEAP_ALLOCATE|[12]|Bytes:4
11:38:25.2 (4692953)|HEAP_ALLOCATE|[12]|Bytes:4
11:38:25.2 (4738456)|HEAP_ALLOCATE|[12]|Bytes:1
11:38:25.2 (4755890)|HEAP_ALLOCATE|[12]|Bytes:5
11:38:25.2 (4818433)|VARIABLE_ASSIGNMENT|[12]|this.Name|"car 0"|0x40936207
11:38:25.2 (4854216)|HEAP_ALLOCATE|[12]|Bytes:28
11:38:25.2 (4902856)|VARIABLE_ASSIGNMENT|[12]|this.Production_Year__c|2005|0x40936207
11:38:25.2 (4945275)|VARIABLE_ASSIGNMENT|[12]|this.Last_Car_Review_Date__c|"2020-07-13T00:00:00.000Z"|0x40936207
11:38:25.2 (4981823)|VARIABLE_ASSIGNMENT|[12]|this.Insurance_Expiry_Date__c|"2020-08-13T00:00:00.000Z"|0x40936207
11:38:25.2 (5002609)|HEAP_ALLOCATE|[12]|Bytes:28
11:38:25.2 (5037091)|VARIABLE_ASSIGNMENT|[12]|this.Mileage__c|300000|0x40936207
11:38:25.2 (5053242)|HEAP_ALLOCATE|[12]|Bytes:28
11:38:25.2 (5083034)|VARIABLE_ASSIGNMENT|[12]|this.Mileage_When_Last_Timing_Replacement__c|5000|0x40936207
11:38:25.2 (5135731)|HEAP_ALLOCATE|[EXTERNAL]|Bytes:4
11:38:25.2 (5151997)|HEAP_ALLOCATE|[11]|Bytes:4
11:38:25.2 (5163868)|VARIABLE_ASSIGNMENT|[11]|i|1
11:38:25.2 (5177529)|STATEMENT_EXECUTE|[11]
11:38:25.2 (5180329)|STATEMENT_EXECUTE|[12]
11:38:25.2 (5200508)|HEAP_ALLOCATE|[12]|Bytes:4
11:38:25.2 (5257881)|HEAP_ALLOCATE|[12]|Bytes:1
11:38:25.2 (5291081)|HEAP_ALLOCATE|[12]|Bytes:5
11:38:25.2 (5360750)|VARIABLE_ASSIGNMENT|[12]|this.Name|"car 1"|0x6b887a8d
11:38:25.2 (5415225)|HEAP_ALLOCATE|[12]|Bytes:28
11:38:25.2 (5467313)|VARIABLE_ASSIGNMENT|[12]|this.Production_Year__c|2005|0x6b887a8d
11:38:25.2 (5548675)|VARIABLE_ASSIGNMENT|[12]|this.Last_Car_Review_Date__c|"2020-07-13T00:00:00.000Z"|0x6b887a8d
11:38:25.2 (5633309)|VARIABLE_ASSIGNMENT|[12]|this.Insurance_Expiry_Date__c|"2020-08-13T00:00:00.000Z"|0x6b887a8d
11:38:25.2 (5672565)|HEAP_ALLOCATE|[12]|Bytes:28
11:38:25.2 (5731132)|VARIABLE_ASSIGNMENT|[12]|this.Mileage__c|300000|0x6b887a8d
11:38:25.2 (5770713)|HEAP_ALLOCATE|[12]|Bytes:28
11:38:25.2 (5838039)|VARIABLE_ASSIGNMENT|[12]|this.Mileage_When_Last_Timing_Replacement__c|5000|0x6b887a8d
11:38:25.2 (5885901)|HEAP_ALLOCATE|[EXTERNAL]|Bytes:4
11:38:25.2 (5912543)|HEAP_ALLOCATE|[11]|Bytes:4
11:38:25.2 (5923972)|VARIABLE_ASSIGNMENT|[11]|i|2
11:38:25.2 (5957439)|STATEMENT_EXECUTE|[11]
11:38:25.2 (5960017)|STATEMENT_EXECUTE|[12]
11:38:25.2 (5999254)|HEAP_ALLOCATE|[12]|Bytes:4
11:38:25.2 (6057475)|HEAP_ALLOCATE|[12]|Bytes:1
11:38:25.2 (6095507)|HEAP_ALLOCATE|[12]|Bytes:5
11:38:25.2 (6180696)|VARIABLE_ASSIGNMENT|[12]|this.Name|"car 2"|0x3e7e767f
11:38:25.2 (6230234)|HEAP_ALLOCATE|[12]|Bytes:28
11:38:25.2 (6271198)|VARIABLE_ASSIGNMENT|[12]|this.Production_Year__c|2005|0x3e7e767f
11:38:25.2 (6353478)|VARIABLE_ASSIGNMENT|[12]|this.Last_Car_Review_Date__c|"2020-07-13T00:00:00.000Z"|0x3e7e767f
11:38:25.2 (6424673)|VARIABLE_ASSIGNMENT|[12]|this.Insurance_Expiry_Date__c|"2020-08-13T00:00:00.000Z"|0x3e7e767f
11:38:25.2 (6462147)|HEAP_ALLOCATE|[12]|Bytes:28
11:38:25.2 (6516903)|VARIABLE_ASSIGNMENT|[12]|this.Mileage__c|300000|0x3e7e767f
11:38:25.2 (6542236)|HEAP_ALLOCATE|[12]|Bytes:28
11:38:25.2 (6571338)|VARIABLE_ASSIGNMENT|[12]|this.Mileage_When_Last_Timing_Replacement__c|5000|0x3e7e767f
11:38:25.2 (6599967)|HEAP_ALLOCATE|[EXTERNAL]|Bytes:4
11:38:25.2 (6614620)|HEAP_ALLOCATE|[11]|Bytes:4
11:38:25.2 (6626867)|VARIABLE_ASSIGNMENT|[11]|i|3
11:38:25.2 (6639369)|STATEMENT_EXECUTE|[11]
11:38:25.2 (6641976)|STATEMENT_EXECUTE|[12]
11:38:25.2 (6669112)|HEAP_ALLOCATE|[12]|Bytes:4
11:38:25.2 (6693331)|HEAP_ALLOCATE|[12]|Bytes:1
11:38:25.2 (6709900)|HEAP_ALLOCATE|[12]|Bytes:5
11:38:25.2 (6748141)|VARIABLE_ASSIGNMENT|[12]|this.Name|"car 3"|0x6d5f1d01
11:38:25.2 (6762720)|HEAP_ALLOCATE|[12]|Bytes:28
11:38:25.2 (6785649)|VARIABLE_ASSIGNMENT|[12]|this.Production_Year__c|2005|0x6d5f1d01
11:38:25.2 (6816394)|VARIABLE_ASSIGNMENT|[12]|this.Last_Car_Review_Date__c|"2020-07-13T00:00:00.000Z"|0x6d5f1d01
11:38:25.2 (6852514)|VARIABLE_ASSIGNMENT|[12]|this.Insurance_Expiry_Date__c|"2020-08-13T00:00:00.000Z"|0x6d5f1d01
11:38:25.2 (6880280)|HEAP_ALLOCATE|[12]|Bytes:28
11:38:25.2 (6914216)|VARIABLE_ASSIGNMENT|[12]|this.Mileage__c|300000|0x6d5f1d01
11:38:25.2 (6928401)|HEAP_ALLOCATE|[12]|Bytes:28
11:38:25.2 (6954853)|VARIABLE_ASSIGNMENT|[12]|this.Mileage_When_Last_Timing_Replacement__c|5000|0x6d5f1d01
11:38:25.2 (6980733)|HEAP_ALLOCATE|[EXTERNAL]|Bytes:4
11:38:25.2 (6993430)|HEAP_ALLOCATE|[11]|Bytes:4
11:38:25.2 (7006080)|VARIABLE_ASSIGNMENT|[11]|i|4
11:38:25.2 (7017482)|STATEMENT_EXECUTE|[11]
11:38:25.2 (7019680)|STATEMENT_EXECUTE|[12]
11:38:25.2 (7037454)|HEAP_ALLOCATE|[12]|Bytes:4
11:38:25.2 (7063567)|HEAP_ALLOCATE|[12]|Bytes:1
11:38:25.2 (7079891)|HEAP_ALLOCATE|[12]|Bytes:5
11:38:25.2 (7116133)|VARIABLE_ASSIGNMENT|[12]|this.Name|"car 4"|0x154fdb55
11:38:25.2 (7136397)|HEAP_ALLOCATE|[12]|Bytes:28
11:38:25.2 (7179601)|VARIABLE_ASSIGNMENT|[12]|this.Production_Year__c|2005|0x154fdb55
11:38:25.2 (7218979)|VARIABLE_ASSIGNMENT|[12]|this.Last_Car_Review_Date__c|"2020-07-13T00:00:00.000Z"|0x154fdb55
11:38:25.2 (7266808)|VARIABLE_ASSIGNMENT|[12]|this.Insurance_Expiry_Date__c|"2020-08-13T00:00:00.000Z"|0x154fdb55
11:38:25.2 (7282352)|HEAP_ALLOCATE|[12]|Bytes:28
11:38:25.2 (7306243)|VARIABLE_ASSIGNMENT|[12]|this.Mileage__c|300000|0x154fdb55
11:38:25.2 (7319841)|HEAP_ALLOCATE|[12]|Bytes:28
11:38:25.2 (7345464)|VARIABLE_ASSIGNMENT|[12]|this.Mileage_When_Last_Timing_Replacement__c|5000|0x154fdb55
11:38:25.2 (7371149)|HEAP_ALLOCATE|[EXTERNAL]|Bytes:4
11:38:25.2 (7389445)|HEAP_ALLOCATE|[11]|Bytes:4
11:38:25.2 (7401496)|VARIABLE_ASSIGNMENT|[11]|i|5
11:38:25.2 (7413609)|STATEMENT_EXECUTE|[15]
11:38:25.2 (7503955)|DML_BEGIN|[15]|Op:Insert|Type:Car__c|Rows:5
11:38:25.2 (7556291)|HEAP_ALLOCATE|[EXTERNAL]|Bytes:24
11:38:25.2 (14668623)|CODE_UNIT_STARTED|[EXTERNAL]|01q09000000DFzH|CarTrigger on Car trigger event BeforeInsert|__sfdc_trigger/CarTrigger
11:38:25.2 (14720918)|HEAP_ALLOCATE|[EXTERNAL]|Bytes:24
11:38:25.2 (14835890)|HEAP_ALLOCATE|[EXTERNAL]|Bytes:4
11:38:25.2 (14850473)|VARIABLE_SCOPE_BEGIN|[1]|this|CarTrigger|true|false
11:38:25.2 (14903094)|VARIABLE_ASSIGNMENT|[1]|this|{}|0x5ded54c3
11:38:25.2 (14948085)|HEAP_ALLOCATE|[EXTERNAL]|Bytes:4
11:38:25.2 (14954994)|VARIABLE_SCOPE_BEGIN|[1]|this|CarTrigger|true|false
11:38:25.2 (14971056)|VARIABLE_ASSIGNMENT|[1]|this|{}|0x5ded54c3
11:38:25.2 (14980289)|STATEMENT_EXECUTE|[1]
11:38:25.2 (15165525)|HEAP_ALLOCATE|[3]|Bytes:5
11:38:25.2 (15192336)|HEAP_ALLOCATE|[3]|Bytes:4
11:38:25.2 (15204275)|VARIABLE_SCOPE_BEGIN|[3]|car|Car__c|true|false
11:38:25.2 (16173262)|VARIABLE_ASSIGNMENT|[3]|car|{"IsDeleted":false,"Mileage__c":300000,"OwnerId":"00509000004GGuxAAG","Production_Year__c":2005,"Insurance_Expiry_Date__c":"2020-08-13T00:00:00.000Z","RecordTypeId":"01209000000Uae0AAC","Last_Car_Review_Date__c":"2020-07-13T00:00:00.000Z","Does_Need_Timing_Replacement__c":"ZDECYDOWANIE TAK","Mileage_When_Last_Timing_Replacement__c":5000,"Name":"car 0"}|0x286925b0
11:38:25.2 (16191292)|STATEMENT_EXECUTE|[3]
11:38:25.2 (16194834)|STATEMENT_EXECUTE|[4]
11:38:25.2 (16248890)|HEAP_ALLOCATE|[4]|Bytes:4
11:38:25.2 (16312659)|HEAP_ALLOCATE|[4]|Bytes:4
11:38:25.2 (16339323)|HEAP_ALLOCATE|[4]|Bytes:28
11:38:25.2 (16519432)|VARIABLE_ASSIGNMENT|[4]|this.Days_Until_Next_Car_Review__c|117|0x286925b0
11:38:25.2 (16529356)|STATEMENT_EXECUTE|[5]
11:38:25.2 (16550721)|HEAP_ALLOCATE|[5]|Bytes:4
11:38:25.2 (16591759)|HEAP_ALLOCATE|[5]|Bytes:28
11:38:25.2 (16710484)|VARIABLE_ASSIGNMENT|[5]|this.Days_Until_Insurance_s_End__c|-217|0x286925b0
11:38:25.2 (16725979)|HEAP_ALLOCATE|[3]|Bytes:5
11:38:25.2 (16738429)|HEAP_ALLOCATE|[3]|Bytes:4
11:38:25.2 (16746298)|VARIABLE_SCOPE_BEGIN|[3]|car|Car__c|true|false
11:38:25.2 (16975692)|VARIABLE_ASSIGNMENT|[3]|car|{"IsDeleted":false,"Mileage__c":300000,"OwnerId":"00509000004GGuxAAG","Production_Year__c":2005,"Insurance_Expiry_Date__c":"2020-08-13T00:00:00.000Z","RecordTypeId":"01209000000Uae0AAC","Last_Car_Review_Date__c":"2020-07-13T00:00:00.000Z","Does_Need_Timing_Replacement__c":"ZDECYDOWANIE TAK","Mileage_When_Last_Timing_Replacement__c":5000,"Name":"car 1"}|0x7ce26eeb
11:38:25.2 (16988903)|STATEMENT_EXECUTE|[3]
11:38:25.2 (16990633)|STATEMENT_EXECUTE|[4]
11:38:25.2 (17003995)|HEAP_ALLOCATE|[4]|Bytes:4
11:38:25.2 (17033119)|HEAP_ALLOCATE|[4]|Bytes:4
11:38:25.2 (17051654)|HEAP_ALLOCATE|[4]|Bytes:28
11:38:25.2 (17190685)|VARIABLE_ASSIGNMENT|[4]|this.Days_Until_Next_Car_Review__c|117|0x7ce26eeb
11:38:25.2 (17197838)|STATEMENT_EXECUTE|[5]
11:38:25.2 (17206596)|HEAP_ALLOCATE|[5]|Bytes:4
11:38:25.2 (17226312)|HEAP_ALLOCATE|[5]|Bytes:28
11:38:25.2 (17359065)|VARIABLE_ASSIGNMENT|[5]|this.Days_Until_Insurance_s_End__c|-217|0x7ce26eeb
11:38:25.2 (17376438)|HEAP_ALLOCATE|[3]|Bytes:5
11:38:25.2 (17411315)|HEAP_ALLOCATE|[3]|Bytes:4
11:38:25.2 (17420768)|VARIABLE_SCOPE_BEGIN|[3]|car|Car__c|true|false
11:38:25.2 (17666725)|VARIABLE_ASSIGNMENT|[3]|car|{"IsDeleted":false,"Mileage__c":300000,"OwnerId":"00509000004GGuxAAG","Production_Year__c":2005,"Insurance_Expiry_Date__c":"2020-08-13T00:00:00.000Z","RecordTypeId":"01209000000Uae0AAC","Last_Car_Review_Date__c":"2020-07-13T00:00:00.000Z","Does_Need_Timing_Replacement__c":"ZDECYDOWANIE TAK","Mileage_When_Last_Timing_Replacement__c":5000,"Name":"car 2"}|0x19d8c583
11:38:25.2 (17681628)|STATEMENT_EXECUTE|[3]
11:38:25.2 (17683446)|STATEMENT_EXECUTE|[4]
11:38:25.2 (17698413)|HEAP_ALLOCATE|[4]|Bytes:4
11:38:25.2 (17728304)|HEAP_ALLOCATE|[4]|Bytes:4
11:38:25.2 (17747364)|HEAP_ALLOCATE|[4]|Bytes:28
11:38:25.2 (17890237)|VARIABLE_ASSIGNMENT|[4]|this.Days_Until_Next_Car_Review__c|117|0x19d8c583
11:38:25.2 (17899682)|STATEMENT_EXECUTE|[5]
11:38:25.2 (17908992)|HEAP_ALLOCATE|[5]|Bytes:4
11:38:25.2 (17930761)|HEAP_ALLOCATE|[5]|Bytes:28
11:38:25.2 (18046533)|VARIABLE_ASSIGNMENT|[5]|this.Days_Until_Insurance_s_End__c|-217|0x19d8c583
11:38:25.2 (18064910)|HEAP_ALLOCATE|[3]|Bytes:5
11:38:25.2 (18078882)|HEAP_ALLOCATE|[3]|Bytes:4
11:38:25.2 (18086613)|VARIABLE_SCOPE_BEGIN|[3]|car|Car__c|true|false
11:38:25.2 (18324648)|VARIABLE_ASSIGNMENT|[3]|car|{"IsDeleted":false,"Mileage__c":300000,"OwnerId":"00509000004GGuxAAG","Production_Year__c":2005,"Insurance_Expiry_Date__c":"2020-08-13T00:00:00.000Z","RecordTypeId":"01209000000Uae0AAC","Last_Car_Review_Date__c":"2020-07-13T00:00:00.000Z","Does_Need_Timing_Replacement__c":"ZDECYDOWANIE TAK","Mileage_When_Last_Timing_Replacement__c":5000,"Name":"car 3"}|0x68a992f1
11:38:25.2 (18338531)|STATEMENT_EXECUTE|[3]
11:38:25.2 (18340426)|STATEMENT_EXECUTE|[4]
11:38:25.2 (18353706)|HEAP_ALLOCATE|[4]|Bytes:4
11:38:25.2 (18387388)|HEAP_ALLOCATE|[4]|Bytes:4
11:38:25.2 (18407862)|HEAP_ALLOCATE|[4]|Bytes:28
11:38:25.2 (18548892)|VARIABLE_ASSIGNMENT|[4]|this.Days_Until_Next_Car_Review__c|117|0x68a992f1
11:38:25.2 (18557454)|STATEMENT_EXECUTE|[5]
11:38:25.2 (18567023)|HEAP_ALLOCATE|[5]|Bytes:4
11:38:25.2 (18588360)|HEAP_ALLOCATE|[5]|Bytes:28
11:38:25.2 (18705667)|VARIABLE_ASSIGNMENT|[5]|this.Days_Until_Insurance_s_End__c|-217|0x68a992f1
11:38:25.2 (18722684)|HEAP_ALLOCATE|[3]|Bytes:5
11:38:25.2 (18736359)|HEAP_ALLOCATE|[3]|Bytes:4
11:38:25.2 (18743738)|VARIABLE_SCOPE_BEGIN|[3]|car|Car__c|true|false
11:38:25.2 (18982962)|VARIABLE_ASSIGNMENT|[3]|car|{"IsDeleted":false,"Mileage__c":300000,"OwnerId":"00509000004GGuxAAG","Production_Year__c":2005,"Insurance_Expiry_Date__c":"2020-08-13T00:00:00.000Z","RecordTypeId":"01209000000Uae0AAC","Last_Car_Review_Date__c":"2020-07-13T00:00:00.000Z","Does_Need_Timing_Replacement__c":"ZDECYDOWANIE TAK","Mileage_When_Last_Timing_Replacement__c":5000,"Name":"car 4"}|0x23e36a67
11:38:25.2 (18997384)|STATEMENT_EXECUTE|[3]
11:38:25.2 (18999241)|STATEMENT_EXECUTE|[4]
11:38:25.2 (19012413)|HEAP_ALLOCATE|[4]|Bytes:4
11:38:25.2 (19040442)|HEAP_ALLOCATE|[4]|Bytes:4
11:38:25.2 (19074535)|HEAP_ALLOCATE|[4]|Bytes:28
11:38:25.2 (19200380)|VARIABLE_ASSIGNMENT|[4]|this.Days_Until_Next_Car_Review__c|117|0x23e36a67
11:38:25.2 (19208200)|STATEMENT_EXECUTE|[5]
11:38:25.2 (19216333)|HEAP_ALLOCATE|[5]|Bytes:4
11:38:25.2 (19235858)|HEAP_ALLOCATE|[5]|Bytes:28
11:38:25.2 (19340201)|VARIABLE_ASSIGNMENT|[5]|this.Days_Until_Insurance_s_End__c|-217|0x23e36a67
11:38:25.2 (19355735)|HEAP_ALLOCATE|[3]|Bytes:5
11:38:25.2 (19370334)|VARIABLE_ASSIGNMENT|[3]|car|null|
11:38:25.19 (19393388)|CUMULATIVE_LIMIT_USAGE
11:38:25.19 (19393388)|LIMIT_USAGE_FOR_NS|(default)|
  Number of SOQL queries: 0 out of 100
  Number of query rows: 0 out of 50000
  Number of SOSL queries: 0 out of 20
  Number of DML statements: 1 out of 150
  Number of Publish Immediate DML: 0 out of 150
  Number of DML rows: 5 out of 10000
  Maximum CPU time: 0 out of 10000
  Maximum heap size: 0 out of 6000000
  Number of callouts: 0 out of 100
  Number of Email Invocations: 0 out of 10
  Number of future calls: 0 out of 50
  Number of queueable jobs added to the queue: 0 out of 50
  Number of Mobile Apex push calls: 0 out of 10

11:38:25.19 (19393388)|CUMULATIVE_LIMIT_USAGE_END

11:38:25.2 (20473676)|CODE_UNIT_FINISHED|CarTrigger on Car trigger event BeforeInsert|__sfdc_trigger/CarTrigger
11:38:25.2 (23867792)|CODE_UNIT_STARTED|[EXTERNAL]|Validation:Car:new
11:38:25.2 (23887265)|VALIDATION_RULE|03d09000000LWmV|ProductionYearValidationRule
11:38:25.2 (24078977)|VALIDATION_FORMULA|Production_Year__c > YEAR(TODAY()) && Production_Year__c < 2000|Production_Year__c=2005
11:38:25.2 (24090494)|VALIDATION_PASS
11:38:25.2 (24096168)|CODE_UNIT_FINISHED|Validation:Car:new
11:38:25.2 (24127285)|CODE_UNIT_STARTED|[EXTERNAL]|Validation:Car:new
11:38:25.2 (24135517)|VALIDATION_RULE|03d09000000LWmV|ProductionYearValidationRule
11:38:25.2 (24286415)|VALIDATION_FORMULA|Production_Year__c > YEAR(TODAY()) && Production_Year__c < 2000|Production_Year__c=2005
11:38:25.2 (24294812)|VALIDATION_PASS
11:38:25.2 (24298856)|CODE_UNIT_FINISHED|Validation:Car:new
11:38:25.2 (24319072)|CODE_UNIT_STARTED|[EXTERNAL]|Validation:Car:new
11:38:25.2 (24326657)|VALIDATION_RULE|03d09000000LWmV|ProductionYearValidationRule
11:38:25.2 (24464998)|VALIDATION_FORMULA|Production_Year__c > YEAR(TODAY()) && Production_Year__c < 2000|Production_Year__c=2005
11:38:25.2 (24473359)|VALIDATION_PASS
11:38:25.2 (24477131)|CODE_UNIT_FINISHED|Validation:Car:new
11:38:25.2 (24497007)|CODE_UNIT_STARTED|[EXTERNAL]|Validation:Car:new
11:38:25.2 (24502666)|VALIDATION_RULE|03d09000000LWmV|ProductionYearValidationRule
11:38:25.2 (24621563)|VALIDATION_FORMULA|Production_Year__c > YEAR(TODAY()) && Production_Year__c < 2000|Production_Year__c=2005
11:38:25.2 (24629473)|VALIDATION_PASS
11:38:25.2 (24632862)|CODE_UNIT_FINISHED|Validation:Car:new
11:38:25.2 (24650487)|CODE_UNIT_STARTED|[EXTERNAL]|Validation:Car:new
11:38:25.2 (24656107)|VALIDATION_RULE|03d09000000LWmV|ProductionYearValidationRule
11:38:25.2 (24769677)|VALIDATION_FORMULA|Production_Year__c > YEAR(TODAY()) && Production_Year__c < 2000|Production_Year__c=2005
11:38:25.2 (24777589)|VALIDATION_PASS
11:38:25.2 (24780569)|CODE_UNIT_FINISHED|Validation:Car:new
11:38:25.2 (113745391)|DML_END|[15]
11:38:25.2 (113832983)|HEAP_ALLOCATE|[EXTERNAL]|Bytes:24
11:38:25.2 (113869675)|SYSTEM_MODE_EXIT|false
11:38:25.113 (113889820)|CUMULATIVE_LIMIT_USAGE
11:38:25.113 (113889820)|LIMIT_USAGE_FOR_NS|(default)|
  Number of SOQL queries: 0 out of 100
  Number of query rows: 0 out of 50000
  Number of SOSL queries: 0 out of 20
  Number of DML statements: 1 out of 150
  Number of Publish Immediate DML: 0 out of 150
  Number of DML rows: 5 out of 10000
  Maximum CPU time: 0 out of 10000
  Maximum heap size: 0 out of 6000000
  Number of callouts: 0 out of 100
  Number of Email Invocations: 0 out of 10
  Number of future calls: 0 out of 50
  Number of queueable jobs added to the queue: 0 out of 50
  Number of Mobile Apex push calls: 0 out of 10

11:38:25.113 (113889820)|CUMULATIVE_LIMIT_USAGE_END

11:38:25.2 (113935764)|CODE_UNIT_FINISHED|CarUpdateBatchSchedulerTests.makeData()
11:38:25.2 (113948784)|EXECUTION_FINISHED
11:38:25.127 (127960298)|USER_INFO|[EXTERNAL]|00509000004GGux|adam.klimczak95@resilient-impala-d41kwo.com|(GMT+00:00) Greenwich Mean Time (Europe/Dublin)|GMTZ
11:38:25.127 (127982599)|EXECUTION_STARTED
11:38:25.127 (127987386)|CODE_UNIT_STARTED|[EXTERNAL]|01p0900000CcX2a|CarUpdateBatchSchedulerTests.testScheduler()
11:38:25.127 (128051770)|VARIABLE_SCOPE_BEGIN|[3]|CarUpdateBatchSchedulerTests.CRON_EXP|String|false|true
11:38:25.127 (128178987)|HEAP_ALLOCATE|[79]|Bytes:3
11:38:25.127 (128216361)|HEAP_ALLOCATE|[84]|Bytes:152
11:38:25.127 (128232877)|HEAP_ALLOCATE|[399]|Bytes:408
11:38:25.127 (128249874)|HEAP_ALLOCATE|[412]|Bytes:408
11:38:25.127 (128262943)|HEAP_ALLOCATE|[520]|Bytes:48
11:38:25.127 (128293502)|HEAP_ALLOCATE|[139]|Bytes:6
11:38:25.127 (128311986)|HEAP_ALLOCATE|[EXTERNAL]|Bytes:14
11:38:25.127 (128328079)|METHOD_ENTRY|[2]|01p0900000CcX2a|CarUpdateBatchSchedulerTests.CarUpdateBatchSchedulerTests()
11:38:25.127 (128337360)|STATEMENT_EXECUTE|[2]
11:38:25.127 (128342529)|STATEMENT_EXECUTE|[2]
11:38:25.127 (128855240)|SYSTEM_MODE_ENTER|false
11:38:25.127 (128941081)|HEAP_ALLOCATE|[52]|Bytes:5
11:38:25.127 (129011888)|HEAP_ALLOCATE|[58]|Bytes:5
11:38:25.127 (129043572)|HEAP_ALLOCATE|[66]|Bytes:7
11:38:25.127 (129079614)|HEAP_ALLOCATE|[3]|Bytes:5
11:38:25.127 (129093198)|STATEMENT_EXECUTE|[3]
11:38:25.127 (129105579)|HEAP_ALLOCATE|[3]|Bytes:12
11:38:25.127 (129190559)|VARIABLE_ASSIGNMENT|[3]|CarUpdateBatchSchedulerTests.CRON_EXP|"0 0 10 * * ?"
11:38:25.127 (129252321)|SYSTEM_MODE_EXIT|false
11:38:25.127 (129283228)|METHOD_EXIT|[2]|CarUpdateBatchSchedulerTests
11:38:25.127 (129326231)|SYSTEM_MODE_ENTER|false
11:38:25.127 (129332639)|HEAP_ALLOCATE|[20]|Bytes:5
11:38:25.127 (129336194)|STATEMENT_EXECUTE|[19]
11:38:25.127 (129337907)|STATEMENT_EXECUTE|[20]
11:38:25.127 (129403954)|HEAP_ALLOCATE|[20]|Bytes:74
11:38:25.127 (129414818)|SYSTEM_METHOD_ENTRY|[1]|Test.Test()
11:38:25.127 (129419045)|STATEMENT_EXECUTE|[1]
11:38:25.127 (129424050)|SYSTEM_METHOD_EXIT|[1]|Test
11:38:25.127 (129441538)|METHOD_ENTRY|[20]||System.Test.startTest()
11:38:25.127 (131143256)|METHOD_EXIT|[20]||System.Test.startTest()
11:38:25.127 (131156421)|STATEMENT_EXECUTE|[21]
11:38:25.127 (131162221)|HEAP_ALLOCATE|[21]|Bytes:14
11:38:25.127 (132176225)|HEAP_ALLOCATE|[21]|Bytes:1
11:38:25.127 (132187946)|HEAP_ALLOCATE|[21]|Bytes:1
11:38:25.127 (132208214)|METHOD_ENTRY|[1]|01p0900000CcX2V|CarUpdateBatchScheduler.CarUpdateBatchScheduler()
11:38:25.127 (132216197)|STATEMENT_EXECUTE|[1]
11:38:25.127 (132219963)|STATEMENT_EXECUTE|[1]
11:38:25.127 (132227186)|HEAP_ALLOCATE|[21]|Bytes:5
11:38:25.127 (132236202)|METHOD_EXIT|[1]|CarUpdateBatchScheduler
11:38:25.127 (132254308)|HEAP_ALLOCATE|[21]|Bytes:4
11:38:25.127 (132273183)|CONSTRUCTOR_ENTRY|[21]|01p0900000CcX2V|<init>()|CarUpdateBatchScheduler
11:38:25.127 (132306302)|VARIABLE_SCOPE_BEGIN|[1]|this|CarUpdateBatchScheduler|true|false
11:38:25.127 (132343824)|VARIABLE_ASSIGNMENT|[1]|this|{}|0x53b1f064
11:38:25.127 (132354313)|HEAP_ALLOCATE|[EXTERNAL]|Bytes:5
11:38:25.127 (132363390)|HEAP_ALLOCATE|[EXTERNAL]|Bytes:6
11:38:25.127 (133439463)|STATEMENT_EXECUTE|[1]
11:38:25.127 (133448825)|HEAP_ALLOCATE|[EXTERNAL]|Bytes:5
11:38:25.127 (133462465)|CONSTRUCTOR_EXIT|[21]|01p0900000CcX2V|<init>()|CarUpdateBatchScheduler
11:38:25.127 (162592339)|STATEMENT_EXECUTE|[22]
11:38:25.127 (162603820)|HEAP_ALLOCATE|[22]|Bytes:60
11:38:25.127 (162642436)|HEAP_ALLOCATE|[22]|Bytes:4
11:38:25.127 (162977105)|SOQL_EXECUTE_BEGIN|[22]|Aggregations:0|SELECT COUNT() FROM Car__c WHERE Status__c = 'Need a Repair'
11:38:25.127 (168098654)|SOQL_EXECUTE_END|[22]|Rows:0
11:38:25.127 (168148889)|HEAP_ALLOCATE|[22]|Bytes:4
11:38:25.127 (168220197)|STATEMENT_EXECUTE|[23]
11:38:25.127 (168235662)|METHOD_ENTRY|[23]||System.Test.stopTest()
11:38:25.127 (172265513)|CODE_UNIT_STARTED|[EXTERNAL]|01p0900000CcX2V|TEST SCHEDULER
11:38:25.127 (177080403)|HEAP_ALLOCATE|[EXTERNAL]|Bytes:3
11:38:25.127 (177105968)|SYSTEM_METHOD_ENTRY|[1]|SchedulableContextImpl.SchedulableContextImpl()
11:38:25.127 (177112633)|STATEMENT_EXECUTE|[1]
11:38:25.127 (177121634)|SYSTEM_METHOD_EXIT|[1]|SchedulableContextImpl
11:38:25.127 (177146935)|HEAP_ALLOCATE|[EXTERNAL]|Bytes:8
11:38:25.127 (177154626)|HEAP_ALLOCATE|[EXTERNAL]|Bytes:4
11:38:25.127 (177161440)|VARIABLE_SCOPE_BEGIN|[4]|this|System.SchedulableContextImpl|true|false
11:38:25.127 (177202021)|VARIABLE_ASSIGNMENT|[4]|this|{}|0x690240af
11:38:25.127 (177211899)|VARIABLE_SCOPE_BEGIN|[4]|triggerId|Id|false|false
11:38:25.127 (177462282)|VARIABLE_ASSIGNMENT|[4]|triggerId|"08e090000035ntaAAA"
11:38:25.127 (177570901)|HEAP_ALLOCATE|[EXTERNAL]|Bytes:4
11:38:25.127 (177578093)|HEAP_ALLOCATE|[EXTERNAL]|Bytes:8
11:38:25.127 (177586374)|VARIABLE_SCOPE_BEGIN|[2]|this|CarUpdateBatchScheduler|true|false
11:38:25.127 (177620462)|VARIABLE_ASSIGNMENT|[2]|this|{}|0x23353ba0
11:38:25.127 (177628966)|VARIABLE_SCOPE_BEGIN|[2]|ctx|System.SchedulableContext|true|false
11:38:25.127 (177756297)|VARIABLE_ASSIGNMENT|[2]|ctx|{"triggerId":"08e090000035ntaAAA"}|0x690240af
11:38:25.127 (178214992)|SYSTEM_MODE_ENTER|false
11:38:25.127 (178234860)|HEAP_ALLOCATE|[3]|Bytes:5
11:38:25.127 (178241988)|STATEMENT_EXECUTE|[2]
11:38:25.127 (178244240)|STATEMENT_EXECUTE|[3]
11:38:25.127 (179622136)|HEAP_ALLOCATE|[3]|Bytes:57
11:38:25.127 (179635747)|HEAP_ALLOCATE|[3]|Bytes:6
11:38:25.127 (179641989)|HEAP_ALLOCATE|[3]|Bytes:2
11:38:25.127 (179713350)|METHOD_ENTRY|[1]|01p0900000CcW99|CarUpdateBatch.CarUpdateBatch()
11:38:25.127 (179720734)|STATEMENT_EXECUTE|[1]
11:38:25.127 (179724443)|STATEMENT_EXECUTE|[1]
11:38:25.127 (179732751)|HEAP_ALLOCATE|[3]|Bytes:5
11:38:25.127 (179742846)|METHOD_EXIT|[1]|CarUpdateBatch
11:38:25.127 (179760096)|HEAP_ALLOCATE|[3]|Bytes:4
11:38:25.127 (179775538)|CONSTRUCTOR_ENTRY|[3]|01p0900000CcW99|<init>()|CarUpdateBatch
11:38:25.127 (179805880)|VARIABLE_SCOPE_BEGIN|[1]|this|CarUpdateBatch|true|false
11:38:25.127 (179832609)|VARIABLE_ASSIGNMENT|[1]|this|{}|0x7231e971
11:38:25.127 (179843900)|HEAP_ALLOCATE|[EXTERNAL]|Bytes:5
11:38:25.127 (179861115)|STATEMENT_EXECUTE|[1]
11:38:25.127 (179863901)|HEAP_ALLOCATE|[EXTERNAL]|Bytes:5
11:38:25.127 (179873591)|CONSTRUCTOR_EXIT|[3]|01p0900000CcW99|<init>()|CarUpdateBatch
11:38:25.127 (194944535)|STATEMENT_EXECUTE|[4]
11:38:25.127 (194955475)|HEAP_ALLOCATE|[4]|Bytes:11
11:38:25.127 (195018776)|USER_DEBUG|[4]|DEBUG|xxxx dziala
11:38:25.127 (195035757)|SYSTEM_MODE_EXIT|false
11:38:25.195 (195074865)|CUMULATIVE_LIMIT_USAGE
11:38:25.195 (195074865)|LIMIT_USAGE_FOR_NS|(default)|
  Number of SOQL queries: 0 out of 100
  Number of query rows: 0 out of 50000
  Number of SOSL queries: 0 out of 20
  Number of DML statements: 0 out of 150
  Number of Publish Immediate DML: 0 out of 150
  Number of DML rows: 0 out of 10000
  Maximum CPU time: 0 out of 10000
  Maximum heap size: 0 out of 6000000
  Number of callouts: 0 out of 100
  Number of Email Invocations: 0 out of 10
  Number of future calls: 0 out of 50
  Number of queueable jobs added to the queue: 0 out of 50
  Number of Mobile Apex push calls: 0 out of 10

11:38:25.195 (195074865)|CUMULATIVE_LIMIT_USAGE_END

11:38:25.127 (195117425)|CODE_UNIT_FINISHED|TEST SCHEDULER
11:38:25.127 (199515582)|METHOD_EXIT|[23]||System.Test.stopTest()
11:38:25.127 (199532146)|STATEMENT_EXECUTE|[25]
11:38:25.127 (199561987)|HEAP_ALLOCATE|[25]|Bytes:4
11:38:25.127 (199879142)|SOQL_EXECUTE_BEGIN|[25]|Aggregations:0|SELECT COUNT() FROM Car__c WHERE Status__c = 'Need a Repair'
11:38:25.127 (202992142)|SOQL_EXECUTE_END|[25]|Rows:0
11:38:25.127 (203042046)|HEAP_ALLOCATE|[25]|Bytes:4
11:38:25.127 (203164706)|EXCEPTION_THROWN|[25]|System.AssertException: Assertion Failed: Expected: 5, Actual: 0
11:38:25.127 (203284876)|HEAP_ALLOCATE|[25]|Bytes:44
11:38:25.127 (203307353)|SYSTEM_MODE_EXIT|false
11:38:25.127 (203429925)|FATAL_ERROR|System.AssertException: Assertion Failed: Expected: 5, Actual: 0

Class.CarUpdateBatchSchedulerTests.testScheduler: line 25, column 1
11:38:25.127 (203446493)|FATAL_ERROR|System.AssertException: Assertion Failed: Expected: 5, Actual: 0

Class.CarUpdateBatchSchedulerTests.testScheduler: line 25, column 1
11:38:25.203 (203457675)|CUMULATIVE_LIMIT_USAGE
11:38:25.203 (203457675)|LIMIT_USAGE_FOR_NS|(default)|
  Number of SOQL queries: 1 out of 100
  Number of query rows: 1 out of 50000
  Number of SOSL queries: 0 out of 20
  Number of DML statements: 1 out of 150
  Number of Publish Immediate DML: 0 out of 150
  Number of DML rows: 5 out of 10000
  Maximum CPU time: 0 out of 10000
  Maximum heap size: 0 out of 6000000
  Number of callouts: 0 out of 100
  Number of Email Invocations: 0 out of 10
  Number of future calls: 0 out of 50
  Number of queueable jobs added to the queue: 0 out of 50
  Number of Mobile Apex push calls: 0 out of 10

11:38:25.203 (203457675)|TESTING_LIMITS
11:38:25.203 (203457675)|LIMIT_USAGE_FOR_NS|(default)|
  Number of SOQL queries: 1 out of 100
  Number of query rows: 1 out of 50000
  Number of SOSL queries: 0 out of 20
  Number of DML statements: 0 out of 150
  Number of Publish Immediate DML: 0 out of 150
  Number of DML rows: 0 out of 10000
  Maximum CPU time: 0 out of 10000
  Maximum heap size: 0 out of 6000000
  Number of callouts: 0 out of 100
  Number of Email Invocations: 0 out of 10
  Number of future calls: 0 out of 50
  Number of queueable jobs added to the queue: 0 out of 50
  Number of Mobile Apex push calls: 0 out of 10

11:38:25.203 (203457675)|CUMULATIVE_LIMIT_USAGE_END

11:38:25.127 (203501099)|CODE_UNIT_FINISHED|CarUpdateBatchSchedulerTests.testScheduler()
11:38:25.127 (203508316)|EXECUTION_FINISHED
